2018-01-14 23:21:46:  start to sync now
2018-01-14 23:21:46: /Users/zhongwei/Documents/Markdown/index.md exist on server side already
2018-01-14 23:21:46: /Users/zhongwei/Documents/Markdown/《这才是心理学》 update folder to server
2018-01-14 23:21:50: /Users/zhongwei/Documents/Markdown/混沌创新院-批判性思维 update folder to server
2018-01-14 23:21:50: /Users/zhongwei/Documents/Markdown/《这才是心理学》/第三章.md exist on server side already
2018-01-14 23:21:50: /Users/zhongwei/Documents/Markdown/《这才是心理学》/第二章.md exist on server side already
2018-01-14 23:21:50: /Users/zhongwei/Documents/Markdown/《这才是心理学》/第一章.md exist on server side already
2018-01-14 23:21:50: /Users/zhongwei/Documents/Markdown/《这才是心理学》/_image update folder to server
2018-01-14 23:21:50: /Users/zhongwei/Documents/Markdown/《这才是心理学》/_image/《可证伪性》流程图.png exist on server side already
2018-01-14 23:21:50: /Users/zhongwei/Documents/Markdown/《这才是心理学》/_image/第三章 操作主义和本质主义.png exist on server side already
2018-01-14 23:21:51: /Users/zhongwei/Documents/Markdown/《这才是心理学》/_image/《可证伪性》流程图 (1).png exist on server side already
2018-01-14 23:21:51: /Users/zhongwei/Documents/Markdown/《这才是心理学》/_image/第一章《心理学充满生机》.png exist on server side already
2018-01-14 23:21:51: /Users/zhongwei/Documents/Markdown/《这才是心理学》/_image/《可证伪性》流程图4.png exist on server side already
2018-01-14 23:21:51: /Users/zhongwei/Documents/Markdown/《这才是心理学》/_image/《可证伪性》流程图2.png exist on server side already
2018-01-14 23:21:51: /Users/zhongwei/Documents/Markdown/《这才是心理学》/_image/第三章 操作主义和本质主义1.png exist on server side already
2018-01-14 23:21:51: /Users/zhongwei/Documents/Markdown/《这才是心理学》/_image/《可证伪性》流程图3.png exist on server side already
2018-01-14 23:21:52: /Users/zhongwei/Documents/Markdown/混沌创新院-批判性思维/第一课 真理符合论.md uploaded to server done
2018-01-14 23:21:55: /Users/zhongwei/Documents/Markdown/混沌创新院-批判性思维/_image update folder to server
2018-01-14 23:21:57: /Users/zhongwei/Documents/Markdown/混沌创新院-批判性思维/_image/Lession1-真理符合论 .png uploaded to server done
2018-01-14 23:21:57:  sync ended
2018-01-14 23:22:15:  start to sync now
2018-01-14 23:22:19: /Users/zhongwei/Documents/Markdown/混沌创新院-批判性思维/第一课 真理符合论.md uploaded to server done
2018-01-14 23:22:22: /Users/zhongwei/Documents/Markdown/混沌创新院-批判性思维/_image/Lession1-真理符合论1 .png uploaded to server done
2018-01-14 23:22:22:  sync ended
2018-01-14 23:23:57:  start to sync now
2018-01-14 23:23:59: /Users/zhongwei/Documents/Markdown/混沌创新院-批判性思维/第一课 真理符合论.md uploaded to server done
2018-01-14 23:23:59:  sync ended
2018-01-15 21:38:05:  start to sync now
2018-01-15 21:38:05:  sync ended
2018-01-15 21:38:15:  start to sync now
2018-01-15 21:38:17: /Users/zhongwei/Documents/Markdown/混沌创新院-批判性思维/第一课 真理符合论.md uploaded to server done
2018-01-15 21:38:17:  sync ended
2018-01-15 21:39:13:  start to sync now
2018-01-15 21:39:15: /Users/zhongwei/Documents/Markdown/混沌创新院-批判性思维/第一课 真理符合论.md uploaded to server done
2018-01-15 21:39:20: /Users/zhongwei/Documents/Markdown/混沌创新院-批判性思维/_image/Lession1-真理符合论2.png uploaded to server done
2018-01-15 21:39:26: /Users/zhongwei/Documents/Markdown/混沌创新院-批判性思维/_image/Lession1-真理符合论 (1).png uploaded to server done
2018-01-15 21:39:26:  sync ended
2018-01-15 21:42:02:  start to sync now
2018-01-15 21:42:06: /Users/zhongwei/Documents/Markdown/混沌创新院-批判性思维/第一课 真理符合论.md uploaded to server done
2018-01-15 21:42:10: /Users/zhongwei/Documents/Markdown/混沌创新院-批判性思维/_image/Lession1-真理符合论3.png uploaded to server done
2018-01-15 21:42:11:  sync ended
2018-01-16 22:31:16:  start to sync now
2018-01-16 22:31:23: /Users/zhongwei/Documents/Markdown/《这才是心理学》/第四章.md uploaded to server failed because of ConnectionError
2018-01-16 22:31:23:  sync ended
2018-01-16 22:31:33:  start to sync now
2018-01-16 22:31:33: /Users/zhongwei/Documents/Markdown/《这才是心理学》/第四章.md uploaded to server failed because of ConnectionError
2018-01-16 22:31:33:  sync ended
2018-01-16 22:31:36:  start to sync now
2018-01-16 22:31:36:  sync ended
2018-01-16 22:31:44:  start to sync now
2018-01-16 22:31:44: /Users/zhongwei/Documents/Markdown/《这才是心理学》/第四章.md uploaded to server failed because of ConnectionError
2018-01-16 22:31:44:  sync ended
2018-01-16 22:32:04:  start to sync now
2018-01-16 22:32:04:  sync ended
2018-01-16 22:32:12:  start to sync now
2018-01-16 22:32:15: /Users/zhongwei/Documents/Markdown/《这才是心理学》/第四章.md uploaded to server done
2018-01-16 22:32:15:  sync ended
2018-01-16 22:33:39:  start to sync now
2018-01-16 22:33:41: /Users/zhongwei/Documents/Markdown/《这才是心理学》/第四章.md uploaded to server done
2018-01-16 22:33:42: /Users/zhongwei/Documents/Markdown/《这才是心理学》/_image/第四章 见证和个案研究证据.png uploaded to server done
2018-01-16 22:33:42:  sync ended
2018-01-16 22:34:33:  start to sync now
2018-01-16 22:34:37: /Users/zhongwei/Documents/Markdown/混沌创新院-批判性思维/第一课 真理符合论.md uploaded to server done
2018-01-16 22:34:37:  sync ended
2018-01-17 22:02:43:  start to sync now
2018-01-17 22:02:46: /Users/zhongwei/Documents/Markdown/《这才是心理学》/第五章.md uploaded to server done
2018-01-17 22:02:46:  sync ended
2018-01-17 22:04:08:  start to sync now
2018-01-17 22:04:10: /Users/zhongwei/Documents/Markdown/《这才是心理学》/第五章.md uploaded to server done
2018-01-17 22:04:12: /Users/zhongwei/Documents/Markdown/《这才是心理学》/_image/第五章 相关与因果.png uploaded to server done
2018-01-17 22:04:14: /Users/zhongwei/Documents/Markdown/《这才是心理学》/_image/第五章 相关与因果-2.png uploaded to server done
2018-01-17 22:04:14:  sync ended
2018-01-19 21:33:09:  start to sync now
2018-01-19 21:33:11: /Users/zhongwei/Documents/Markdown/《这才是心理学》/第六章.md uploaded to server done
2018-01-19 21:33:11:  sync ended
2018-01-19 21:33:55:  start to sync now
2018-01-19 21:33:56: /Users/zhongwei/Documents/Markdown/《这才是心理学》/第六章.md uploaded to server done
2018-01-19 21:34:00: /Users/zhongwei/Documents/Markdown/《这才是心理学》/_image/第六章 让一切置于控制之下.png uploaded to server done
2018-01-19 21:34:00:  sync ended
2018-01-19 21:38:05:  start to sync now
2018-01-19 21:38:08: /Users/zhongwei/Documents/Markdown/《这才是心理学》/第六章.md uploaded to server done
2018-01-19 21:38:13: /Users/zhongwei/Documents/Markdown/《这才是心理学》/_image/第六章 让一切置于控制之下1.png uploaded to server done
2018-01-19 21:38:13:  sync ended
2018-01-22 22:22:25:  start to sync now
2018-01-22 22:22:29: /Users/zhongwei/Documents/Markdown/《这才是心理学》/第七章.md uploaded to server done
2018-01-22 22:22:34: /Users/zhongwei/Documents/Markdown/《这才是心理学》/_image/第七章 不像是真实生活的心理学实验.png uploaded to server done
2018-01-22 22:22:34:  sync ended
2018-01-22 22:23:03:  start to sync now
2018-01-22 22:23:07: /Users/zhongwei/Documents/Markdown/《这才是心理学》/第七章.md uploaded to server done
2018-01-22 22:23:07:  sync ended
2018-01-22 22:23:21:  start to sync now
2018-01-22 22:23:25: /Users/zhongwei/Documents/Markdown/《这才是心理学》/第七章.md uploaded to server done
2018-01-22 22:23:25:  sync ended
2018-01-22 22:24:44:  start to sync now
2018-01-22 22:24:46: /Users/zhongwei/Documents/Markdown/《这才是心理学》/第七章.md uploaded to server done
2018-01-22 22:24:48: /Users/zhongwei/Documents/Markdown/《这才是心理学》/_image/第七章 不像是真实生活的心理学实验1.png uploaded to server done
2018-01-22 22:24:48:  sync ended
2018-01-24 22:26:33:  start to sync now
2018-01-24 22:26:41: /Users/zhongwei/Documents/Markdown/《这才是心理学》/第八章.md uploaded to server failed because of ConnectionError
2018-01-24 22:26:41: /Users/zhongwei/Documents/Markdown/《这才是心理学》/_image/第八章 避免爱因斯坦综合症.png uploaded to server failed because of ConnectionError
2018-01-24 22:26:41:  sync ended
2018-01-24 22:26:48:  start to sync now
2018-01-24 22:26:48:  sync ended
2018-01-24 22:27:21:  start to sync now
2018-01-24 22:27:21: /Users/zhongwei/Documents/Markdown/《这才是心理学》/第八章.md uploaded to server failed because of ConnectionError
2018-01-24 22:27:21:  sync ended
2018-01-24 22:27:42:  start to sync now
2018-01-24 22:27:45: /Users/zhongwei/Documents/Markdown/《这才是心理学》/第八章.md uploaded to server done
2018-01-24 22:27:45:  sync ended
2018-01-24 22:28:32:  start to sync now
2018-01-24 22:28:34: /Users/zhongwei/Documents/Markdown/《这才是心理学》/第八章.md uploaded to server done
2018-01-24 22:28:35: /Users/zhongwei/Documents/Markdown/《这才是心理学》/_image/第八章 避免爱因斯坦综合症1.png uploaded to server done
2018-01-24 22:28:35:  sync ended
2018-01-24 22:29:03:  start to sync now
2018-01-24 22:29:07: /Users/zhongwei/Documents/Markdown/《这才是心理学》/第八章.md uploaded to server done
2018-01-24 22:29:07:  sync ended
2018-01-24 22:31:26:  start to sync now
2018-01-24 22:31:28: /Users/zhongwei/Documents/Markdown/《这才是心理学》/第八章.md uploaded to server done
2018-01-24 22:31:31: /Users/zhongwei/Documents/Markdown/《这才是心理学》/_image/第八章 避免爱因斯坦综合症2.png uploaded to server done
2018-01-24 22:31:31:  sync ended
2018-01-24 22:41:36:  start to sync now
2018-01-24 22:41:43: /Users/zhongwei/Documents/Markdown/《这才是心理学》/第八章.md uploaded to server failed because of ConnectionError
2018-01-24 22:41:43: /Users/zhongwei/Documents/Markdown/《这才是心理学》/_image/第八章 避免爱因斯坦综合症-2.png uploaded to server failed because of ConnectionError
2018-01-24 22:41:43:  sync ended
2018-01-24 22:41:55:  start to sync now
2018-01-24 22:41:55: /Users/zhongwei/Documents/Markdown/《这才是心理学》/第八章.md uploaded to server failed because of ConnectionError
2018-01-24 22:41:55:  sync ended
2018-01-24 22:42:26:  start to sync now
2018-01-24 22:42:26: /Users/zhongwei/Documents/Markdown/《这才是心理学》/第八章.md uploaded to server failed because of ConnectionError
2018-01-24 22:42:27: /Users/zhongwei/Documents/Markdown/《这才是心理学》/_image/第八章 避免爱因斯坦综合症-3.png uploaded to server failed because of ConnectionError
2018-01-24 22:42:27:  sync ended
2018-01-24 22:42:38:  start to sync now
2018-01-24 22:42:41: /Users/zhongwei/Documents/Markdown/《这才是心理学》/第八章.md uploaded to server done
2018-01-24 22:42:41:  sync ended
2018-01-24 22:43:05:  start to sync now
2018-01-24 22:43:07: /Users/zhongwei/Documents/Markdown/《这才是心理学》/第八章.md uploaded to server done
2018-01-24 22:43:09: /Users/zhongwei/Documents/Markdown/《这才是心理学》/_image/第八章 避免爱因斯坦综合症4.png uploaded to server done
2018-01-24 22:43:09:  sync ended
2018-01-26 17:54:12:  start to sync now
2018-01-26 17:54:14: /Users/zhongwei/Documents/Markdown/《这才是心理学》/第九章.md uploaded to server done
2018-01-26 17:54:14:  sync ended
2018-01-26 17:54:50:  start to sync now
2018-01-26 17:54:52: /Users/zhongwei/Documents/Markdown/《这才是心理学》/第九章.md uploaded to server done
2018-01-26 17:54:57: /Users/zhongwei/Documents/Markdown/《这才是心理学》/_image/第九章 打破“神奇子弹”的神话.png uploaded to server done
2018-01-26 17:54:57:  sync ended
2018-01-26 17:56:26:  start to sync now
2018-01-26 17:56:29: /Users/zhongwei/Documents/Markdown/《这才是心理学》/第九章.md uploaded to server done
2018-01-26 17:56:34: /Users/zhongwei/Documents/Markdown/《这才是心理学》/_image/第九章 打破“神奇子弹”的神话2.png uploaded to server done
2018-01-26 17:56:36: /Users/zhongwei/Documents/Markdown/《这才是心理学》/_image/第九章 打破“神奇子弹”的神话.png deleted on server
2018-01-26 17:56:36:  sync ended
2018-01-26 23:58:51:  start to sync now
2018-01-26 23:58:57: /Users/zhongwei/Documents/Markdown/《这才是心理学》/第十章.md uploaded to server done
2018-01-26 23:58:58: /Users/zhongwei/Documents/Markdown/《这才是心理学》/_image/第十章 人类认知的阿克琉斯之踵.png uploaded to server done
2018-01-26 23:58:58:  sync ended
2018-01-26 23:59:24:  start to sync now
2018-01-26 23:59:26: /Users/zhongwei/Documents/Markdown/《这才是心理学》/第十章.md uploaded to server done
2018-01-26 23:59:26:  sync ended
2018-01-28 15:53:53:  start to sync now
2018-01-28 15:53:55: /Users/zhongwei/Documents/Markdown/《这才是心理学》/第十一章.md uploaded to server done
2018-01-28 15:53:55:  sync ended
2018-01-28 15:54:37:  start to sync now
2018-01-28 15:54:40: /Users/zhongwei/Documents/Markdown/《这才是心理学》/第十一章.md uploaded to server done
2018-01-28 15:54:41: /Users/zhongwei/Documents/Markdown/《这才是心理学》/_image/第十一章 偶然性在心理学中扮演的角色.png uploaded to server done
2018-01-28 15:54:41:  sync ended
2018-01-28 15:55:09:  start to sync now
2018-01-28 15:55:11: /Users/zhongwei/Documents/Markdown/《这才是心理学》/第十一章.md uploaded to server done
2018-01-28 15:55:11:  sync ended
2018-02-04 16:27:40:  start to sync now
2018-02-04 16:27:41: /Users/zhongwei/Documents/Markdown/混沌创新院-批判性思维/第四课 给思想洗澡.md uploaded to server done
2018-02-04 16:27:41:  sync ended
2018-02-04 16:28:27:  start to sync now
2018-02-04 16:28:31: /Users/zhongwei/Documents/Markdown/混沌创新院-批判性思维/第四课 给思想洗澡.md uploaded to server done
2018-02-04 16:28:33: /Users/zhongwei/Documents/Markdown/混沌创新院-批判性思维/_image/Lesson4 给思想洗澡.png uploaded to server done
2018-02-04 16:28:33:  sync ended
2018-02-06 22:09:34:  start to sync now
2018-02-06 22:09:38: /Users/zhongwei/Documents/Markdown/速读 update folder to server
2018-02-06 22:09:43: /Users/zhongwei/Documents/Markdown/速读/清单革命.md uploaded to server done
2018-02-06 22:09:43:  sync ended
2018-02-06 22:10:56:  start to sync now
2018-02-06 22:10:58: /Users/zhongwei/Documents/Markdown/速读/清单革命.md uploaded to server done
2018-02-06 22:11:00: /Users/zhongwei/Documents/Markdown/速读/_image update folder to server
2018-02-06 22:11:02: /Users/zhongwei/Documents/Markdown/速读/_image/清单革命.png uploaded to server done
2018-02-06 22:11:02:  sync ended
2018-02-06 22:11:38:  start to sync now
2018-02-06 22:11:42: /Users/zhongwei/Documents/Markdown/速读作品 update folder to server
2018-02-06 22:11:46: /Users/zhongwei/Documents/Markdown/速读作品/清单革命.md uploaded to server done
2018-02-06 22:11:48: /Users/zhongwei/Documents/Markdown/速读作品/_image update folder to server
2018-02-06 22:11:51: /Users/zhongwei/Documents/Markdown/速读作品/_image/清单革命.png uploaded to server done
2018-02-06 22:11:53: /Users/zhongwei/Documents/Markdown/速读/_image deleted on server
2018-02-06 22:11:53: /Users/zhongwei/Documents/Markdown/速读/_image/清单革命.png deleted on server
2018-02-06 22:11:53: /Users/zhongwei/Documents/Markdown/速读/清单革命.md deleted on server
2018-02-06 22:11:53: /Users/zhongwei/Documents/Markdown/速读 deleted on server
2018-02-06 22:11:53:  sync ended
2018-02-13 19:53:19:  start to sync now
2018-02-13 19:53:21: /Users/zhongwei/Documents/Markdown/速读作品/零秒思考.md uploaded to server done
2018-02-13 19:53:23: /Users/zhongwei/Documents/Markdown/速读作品/_image/零秒思考.png uploaded to server done
2018-02-13 19:53:23:  sync ended
2018-02-13 19:54:21:  start to sync now
2018-02-13 19:54:25: /Users/zhongwei/Documents/Markdown/速读作品/零秒思考.md uploaded to server done
2018-02-13 19:54:25:  sync ended
2018-02-13 19:56:15:  start to sync now
2018-02-13 19:56:18: /Users/zhongwei/Documents/Markdown/速读作品/零秒思考.md uploaded to server done
2018-02-13 19:56:20: /Users/zhongwei/Documents/Markdown/速读作品/_image/零秒思考1.png uploaded to server done
2018-02-13 19:56:20:  sync ended
2018-02-14 22:30:51:  start to sync now
2018-02-14 22:30:53: /Users/zhongwei/Documents/Markdown/速读作品/子弹笔记术.md uploaded to server done
2018-02-14 22:30:58: /Users/zhongwei/Documents/Markdown/速读作品/_image/子弹笔记术@钟慰.png uploaded to server done
2018-02-14 22:30:58:  sync ended
2018-02-14 22:31:53:  start to sync now
2018-02-14 22:31:57: /Users/zhongwei/Documents/Markdown/速读作品/子弹笔记术.md uploaded to server done
2018-02-14 22:31:57:  sync ended
2018-02-15 07:44:09:  start to sync now
2018-02-15 07:44:11: /Users/zhongwei/Documents/Markdown/index.md uploaded to server done
2018-02-15 07:44:13: /Users/zhongwei/Documents/Markdown/_image update folder to server
2018-02-15 07:44:16: /Users/zhongwei/Documents/Markdown/_image/个人照片.jpg uploaded to server done
2018-02-15 07:44:16:  sync ended
2018-02-15 07:45:09:  start to sync now
2018-02-15 07:45:13: /Users/zhongwei/Documents/Markdown/index.md uploaded to server done
2018-02-15 07:45:13:  sync ended
2018-02-16 13:44:48:  start to sync now
2018-02-16 13:44:50: /Users/zhongwei/Documents/Markdown/index.md uploaded to server done
2018-02-16 13:44:54: /Users/zhongwei/Documents/Markdown/_image/图书.jpg uploaded to server done
2018-02-16 13:44:54:  sync ended
2018-02-16 21:41:25:  start to sync now
2018-02-16 21:41:30: /Users/zhongwei/Documents/Markdown/速读作品/权力与影响力.md uploaded to server done
2018-02-16 21:41:30:  sync ended
2018-02-16 21:42:09:  start to sync now
2018-02-16 21:42:13: /Users/zhongwei/Documents/Markdown/速读作品/权力与影响力.md uploaded to server done
2018-02-16 21:42:13:  sync ended
2018-02-16 21:44:06:  start to sync now
2018-02-16 21:44:08: /Users/zhongwei/Documents/Markdown/速读作品/精力管理.md uploaded to server done
2018-02-16 21:44:08:  sync ended
2018-02-16 21:44:48:  start to sync now
2018-02-16 21:44:51: /Users/zhongwei/Documents/Markdown/速读作品/精力管理.md uploaded to server done
2018-02-16 21:44:51:  sync ended
2018-02-16 21:45:52:  start to sync now
2018-02-16 21:45:53:  sync ended
2018-02-16 21:47:11:  start to sync now
2018-02-16 21:47:13: /Users/zhongwei/Documents/Markdown/速读作品/精力管理.md uploaded to server done
2018-02-16 21:47:13:  sync ended
2018-02-16 21:47:45:  start to sync now
2018-02-16 21:47:47: /Users/zhongwei/Documents/Markdown/速读作品/【20170717】精力管理.md uploaded to server done
2018-02-16 21:47:49: /Users/zhongwei/Documents/Markdown/速读作品/精力管理.md deleted on server
2018-02-16 21:47:49:  sync ended
2018-02-16 21:48:14:  start to sync now
2018-02-16 21:48:17: /Users/zhongwei/Documents/Markdown/速读作品/【20170717】精力管理.md uploaded to server done
2018-02-16 21:48:17:  sync ended
2018-02-16 21:49:07:  start to sync now
2018-02-16 21:49:10: /Users/zhongwei/Documents/Markdown/速读作品/精力管理.md uploaded to server done
2018-02-16 21:49:11: /Users/zhongwei/Documents/Markdown/速读作品/【20170717】精力管理.md deleted on server
2018-02-16 21:49:11:  sync ended
2018-02-16 21:50:08:  start to sync now
2018-02-16 21:50:11: /Users/zhongwei/Documents/Markdown/混沌创新院-批判性思维/第一课 真理符合论.md uploaded to server done
2018-02-16 21:50:15: /Users/zhongwei/Documents/Markdown/混沌创新院-批判性思维/第四课 给思想洗澡.md uploaded to server done
2018-02-16 21:50:15:  sync ended
